0 info it worked if it ends with ok
1 verbose cli [ '/usr/local/Cellar/node/0.10.22/bin/node',
1 verbose cli   '/usr/local/bin/npm',
1 verbose cli   'install',
1 verbose cli   'django' ]
2 info using npm@1.3.14
3 info using node@v0.10.22
4 verbose cache add [ 'django', null ]
5 verbose cache add name=undefined spec="django" args=["django",null]
6 verbose parsed url { protocol: null,
6 verbose parsed url   slashes: null,
6 verbose parsed url   auth: null,
6 verbose parsed url   host: null,
6 verbose parsed url   port: null,
6 verbose parsed url   hostname: null,
6 verbose parsed url   hash: null,
6 verbose parsed url   search: null,
6 verbose parsed url   query: null,
6 verbose parsed url   pathname: 'django',
6 verbose parsed url   path: 'django',
6 verbose parsed url   href: 'django' }
7 silly lockFile 39e5d53f-django django
8 verbose lock django /Users/hongru/.npm/39e5d53f-django.lock
9 silly lockFile 39e5d53f-django django
10 silly lockFile 39e5d53f-django django
11 verbose addNamed [ 'django', '' ]
12 verbose addNamed [ null, '*' ]
13 silly lockFile 940584e7-django django@
14 verbose lock django@ /Users/hongru/.npm/940584e7-django.lock
15 silly addNameRange { name: 'django', range: '*', hasData: false }
16 verbose url raw django
17 verbose url resolving [ 'https://registry.npmjs.org/', './django' ]
18 verbose url resolved https://registry.npmjs.org/django
19 info trying registry request attempt 1 at 22:37:20
20 http GET https://registry.npmjs.org/django
21 http 404 https://registry.npmjs.org/django
22 silly registry.get cb [ 404,
22 silly registry.get   { date: 'Thu, 09 Jan 2014 14:37:22 GMT',
22 silly registry.get     server: 'CouchDB/1.5.0 (Erlang OTP/R15B03)',
22 silly registry.get     'content-type': 'application/json',
22 silly registry.get     'cache-control': 'max-age=0',
22 silly registry.get     'content-length': '52',
22 silly registry.get     'accept-ranges': 'bytes',
22 silly registry.get     via: '1.1 varnish',
22 silly registry.get     age: '0',
22 silly registry.get     'x-served-by': 'cache-sv60-SJC3',
22 silly registry.get     'x-cache': 'MISS',
22 silly registry.get     'x-cache-hits': '0',
22 silly registry.get     'x-timer': 'S1389278242.403957367,VS0,VE56',
22 silly registry.get     'keep-alive': 'timeout=10, max=50',
22 silly registry.get     connection: 'Keep-Alive' } ]
23 silly lockFile 940584e7-django django@
24 silly lockFile 940584e7-django django@
25 error 404 'django' is not in the npm registry.
25 error 404 You should bug the author to publish it
25 error 404
25 error 404 Note that you can also install from a
25 error 404 tarball, folder, or http url, or git url.
26 error System Darwin 13.0.0
27 error command "/usr/local/Cellar/node/0.10.22/bin/node" "/usr/local/bin/npm" "install" "django"
28 error cwd /Users/hongru/Work/github/jeeart/site/django_app/jeeart
29 error node -v v0.10.22
30 error npm -v 1.3.14
31 error code E404
32 verbose exit [ 1, true ]
